0 info it worked if it ends with ok
1 verbose cli [ '/home/ianks/.nvm/v0.10.38/bin/node',
1 verbose cli   '/home/ianks/.nvm/v0.10.38/bin/npm',
1 verbose cli   'install',
1 verbose cli   '-g',
1 verbose cli   'grunt-clit' ]
2 info using npm@1.4.28
3 info using node@v0.10.38
4 verbose cache add [ 'grunt-clit', null ]
5 verbose cache add name=undefined spec="grunt-clit" args=["grunt-clit",null]
6 verbose parsed url { protocol: null,
6 verbose parsed url   slashes: null,
6 verbose parsed url   auth: null,
6 verbose parsed url   host: null,
6 verbose parsed url   port: null,
6 verbose parsed url   hostname: null,
6 verbose parsed url   hash: null,
6 verbose parsed url   search: null,
6 verbose parsed url   query: null,
6 verbose parsed url   pathname: 'grunt-clit',
6 verbose parsed url   path: 'grunt-clit',
6 verbose parsed url   href: 'grunt-clit' }
7 silly lockFile 674873da-grunt-clit grunt-clit
8 verbose lock grunt-clit /home/ianks/.npm/674873da-grunt-clit.lock
9 silly lockFile 674873da-grunt-clit grunt-clit
10 silly lockFile 674873da-grunt-clit grunt-clit
11 verbose addNamed [ 'grunt-clit', '' ]
12 verbose addNamed [ null, '*' ]
13 silly lockFile 11d5a4a9-grunt-clit grunt-clit@
14 verbose lock grunt-clit@ /home/ianks/.npm/11d5a4a9-grunt-clit.lock
15 silly addNameRange { name: 'grunt-clit', range: '*', hasData: false }
16 verbose request where is /grunt-clit
17 verbose request registry https://registry.npmjs.org/
18 verbose request id cce746ce1c573420
19 verbose url raw /grunt-clit
20 verbose url resolving [ 'https://registry.npmjs.org/', './grunt-clit' ]
21 verbose url resolved https://registry.npmjs.org/grunt-clit
22 verbose request where is https://registry.npmjs.org/grunt-clit
23 info trying registry request attempt 1 at 11:56:26
24 http GET https://registry.npmjs.org/grunt-clit
25 http 404 https://registry.npmjs.org/grunt-clit
26 verbose headers { server: 'CouchDB/1.5.0 (Erlang OTP/R16B03)',
26 verbose headers   'content-type': 'application/json',
26 verbose headers   'cache-control': 'max-age=0',
26 verbose headers   'content-length': '51',
26 verbose headers   'accept-ranges': 'bytes',
26 verbose headers   date: 'Tue, 28 Apr 2015 17:56:58 GMT',
26 verbose headers   via: '1.1 varnish',
26 verbose headers   age: '0',
26 verbose headers   connection: 'keep-alive',
26 verbose headers   'x-served-by': 'cache-ord1729-ORD',
26 verbose headers   'x-cache': 'MISS',
26 verbose headers   'x-cache-hits': '0',
26 verbose headers   'x-timer': 'S1430243818.530569,VS0,VE166' }
27 silly registry.get cb [ 404,
27 silly registry.get   { server: 'CouchDB/1.5.0 (Erlang OTP/R16B03)',
27 silly registry.get     'content-type': 'application/json',
27 silly registry.get     'cache-control': 'max-age=0',
27 silly registry.get     'content-length': '51',
27 silly registry.get     'accept-ranges': 'bytes',
27 silly registry.get     date: 'Tue, 28 Apr 2015 17:56:58 GMT',
27 silly registry.get     via: '1.1 varnish',
27 silly registry.get     age: '0',
27 silly registry.get     connection: 'keep-alive',
27 silly registry.get     'x-served-by': 'cache-ord1729-ORD',
27 silly registry.get     'x-cache': 'MISS',
27 silly registry.get     'x-cache-hits': '0',
27 silly registry.get     'x-timer': 'S1430243818.530569,VS0,VE166' } ]
28 silly lockFile 11d5a4a9-grunt-clit grunt-clit@
29 silly lockFile 11d5a4a9-grunt-clit grunt-clit@
30 error 404 404 Not Found: grunt-clit
30 error 404
30 error 404 'grunt-clit' is not in the npm registry.
30 error 404 You should bug the author to publish it
30 error 404
30 error 404 Note that you can also install from a
30 error 404 tarball, folder, or http url, or git url.
31 error System Linux 3.19.3-3-ARCH
32 error command "/home/ianks/.nvm/v0.10.38/bin/node" "/home/ianks/.nvm/v0.10.38/bin/npm" "install" "-g" "grunt-clit"
33 error cwd /home/ianks/Dropbox/Development/projects/yars/presentation
34 error node -v v0.10.38
35 error npm -v 1.4.28
36 error code E404
37 verbose exit [ 1, true ]
